

============================== 2022-06-16 11:58:26.835664 | 7c368982-6317-4e33-8d58-b215e1f09381 ==============================
11:58:26.835675 [info ] [MainThread]: Running with dbt=1.1.0
11:58:26.836088 [debug] [MainThread]: running dbt with arguments {'write_json': True, 'use_colors': True, 'printer_width': 80, 'version_check': True, 'partial_parse': True, 'static_parser': True, 'profiles_dir': '/Users/connor.stevens/.dbt', 'send_anonymous_usage_stats': True, 'event_buffer_size': 100000, 'quiet': False, 'no_print': False, 'project_name': 'data_quality_dbt', 'skip_profile_setup': False, 'which': 'init', 'indirect_selection': 'eager'}
11:58:26.836261 [debug] [MainThread]: Tracking: tracking
11:58:26.875328 [debug] [MainThread]: Sending event: {'category': 'dbt', 'action': 'invocation', 'label': 'start', 'context': [<snowplow_tracker.self_describing_json.SelfDescribingJson object at 0x1102b8130>, <snowplow_tracker.self_describing_json.SelfDescribingJson object at 0x1102affd0>, <snowplow_tracker.self_describing_json.SelfDescribingJson object at 0x1102aff10>]}
11:58:26.877309 [info ] [MainThread]: Creating dbt configuration folder at /Users/connor.stevens/.dbt
11:58:26.878620 [debug] [MainThread]: Starter project path: /usr/local/Cellar/dbt-bigquery/1.1.0/libexec/lib/python3.9/site-packages/dbt/include/starter_project
12:01:38.812606 [info ] [MainThread]: Profile data_quality_dbt written to /Users/connor.stevens/.dbt/profiles.yml using target's profile_template.yml and your supplied values. Run 'dbt debug' to validate the connection.
12:01:38.813193 [info ] [MainThread]: 
Your new dbt project "data_quality_dbt" was created!

For more information on how to configure the profiles.yml file,
please consult the dbt documentation here:

  https://docs.getdbt.com/docs/configure-your-profile

One more thing:

Need help? Don't hesitate to reach out to us via GitHub issues or on Slack:

  https://community.getdbt.com/

Happy modeling!

12:01:38.813557 [debug] [MainThread]: Sending event: {'category': 'dbt', 'action': 'invocation', 'label': 'end', 'context': [<snowplow_tracker.self_describing_json.SelfDescribingJson object at 0x1102aff10>, <snowplow_tracker.self_describing_json.SelfDescribingJson object at 0x1102afd30>, <snowplow_tracker.self_describing_json.SelfDescribingJson object at 0x1102afdf0>]}


============================== 2022-06-16 16:46:54.277230 | 56dc4bf9-709a-4371-93fc-2d4c7a2e02f8 ==============================
16:46:54.277242 [info ] [MainThread]: Running with dbt=1.1.0
16:46:54.277632 [debug] [MainThread]: running dbt with arguments {'write_json': True, 'use_colors': True, 'printer_width': 80, 'version_check': True, 'partial_parse': True, 'static_parser': True, 'profiles_dir': '/Users/connor.stevens/.dbt', 'send_anonymous_usage_stats': True, 'event_buffer_size': 100000, 'quiet': False, 'no_print': False, 'config_dir': False, 'which': 'debug', 'indirect_selection': 'eager'}
16:46:54.277795 [debug] [MainThread]: Tracking: tracking
16:46:54.311021 [debug] [MainThread]: Sending event: {'category': 'dbt', 'action': 'invocation', 'label': 'start', 'context': [<snowplow_tracker.self_describing_json.SelfDescribingJson object at 0x111f5d700>, <snowplow_tracker.self_describing_json.SelfDescribingJson object at 0x111f5d880>, <snowplow_tracker.self_describing_json.SelfDescribingJson object at 0x111f5d5b0>]}
16:46:55.880892 [debug] [MainThread]: Executing "git --help"
16:46:55.900130 [debug] [MainThread]: STDOUT: "b"usage: git [--version] [--help] [-C <path>] [-c <name>=<value>]\n           [--exec-path[=<path>]] [--html-path] [--man-path] [--info-path]\n           [-p | --paginate | -P | --no-pager] [--no-replace-objects] [--bare]\n           [--git-dir=<path>] [--work-tree=<path>] [--namespace=<name>]\n           [--super-prefix=<path>] [--config-env=<name>=<envvar>]\n           <command> [<args>]\n\nThese are common Git commands used in various situations:\n\nstart a working area (see also: git help tutorial)\n   clone             Clone a repository into a new directory\n   init              Create an empty Git repository or reinitialize an existing one\n\nwork on the current change (see also: git help everyday)\n   add               Add file contents to the index\n   mv                Move or rename a file, a directory, or a symlink\n   restore           Restore working tree files\n   rm                Remove files from the working tree and from the index\n   sparse-checkout   Initialize and modify the sparse-checkout\n\nexamine the history and state (see also: git help revisions)\n   bisect            Use binary search to find the commit that introduced a bug\n   diff              Show changes between commits, commit and working tree, etc\n   grep              Print lines matching a pattern\n   log               Show commit logs\n   show              Show various types of objects\n   status            Show the working tree status\n\ngrow, mark and tweak your common history\n   branch            List, create, or delete branches\n   commit            Record changes to the repository\n   merge             Join two or more development histories together\n   rebase            Reapply commits on top of another base tip\n   reset             Reset current HEAD to the specified state\n   switch            Switch branches\n   tag               Create, list, delete or verify a tag object signed with GPG\n\ncollaborate (see also: git help workflows)\n   fetch             Download objects and refs from another repository\n   pull              Fetch from and integrate with another repository or a local branch\n   push              Update remote refs along with associated objects\n\n'git help -a' and 'git help -g' list available subcommands and some\nconcept guides. See 'git help <command>' or 'git help <concept>'\nto read about a specific subcommand or concept.\nSee 'git help git' for an overview of the system.\n""
16:46:55.901138 [debug] [MainThread]: STDERR: "b''"
16:46:55.913271 [debug] [MainThread]: Acquiring new bigquery connection "debug"
16:46:55.915071 [debug] [MainThread]: Opening a new connection, currently in state init
16:46:58.091886 [debug] [MainThread]: On debug: select 1 as id
16:46:59.473304 [debug] [MainThread]: Sending event: {'category': 'dbt', 'action': 'invocation', 'label': 'end', 'context': [<snowplow_tracker.self_describing_json.SelfDescribingJson object at 0x111f67100>, <snowplow_tracker.self_describing_json.SelfDescribingJson object at 0x1132bad60>, <snowplow_tracker.self_describing_json.SelfDescribingJson object at 0x1132ba400>]}
16:46:59.867361 [debug] [MainThread]: Connection 'debug' was properly closed.


============================== 2022-06-16 16:48:33.609716 | bd9ad248-ff38-4068-a22a-b580751038dd ==============================
16:48:33.609725 [info ] [MainThread]: Running with dbt=1.1.0
16:48:33.610068 [debug] [MainThread]: running dbt with arguments {'write_json': True, 'use_colors': True, 'printer_width': 80, 'version_check': True, 'partial_parse': True, 'static_parser': True, 'profiles_dir': '/Users/connor.stevens/.dbt', 'send_anonymous_usage_stats': True, 'event_buffer_size': 100000, 'quiet': False, 'no_print': False, 'config_dir': False, 'which': 'debug', 'indirect_selection': 'eager'}
16:48:33.610217 [debug] [MainThread]: Tracking: tracking
16:48:33.625911 [debug] [MainThread]: Sending event: {'category': 'dbt', 'action': 'invocation', 'label': 'start', 'context': [<snowplow_tracker.self_describing_json.SelfDescribingJson object at 0x1134d6760>, <snowplow_tracker.self_describing_json.SelfDescribingJson object at 0x1134d68e0>, <snowplow_tracker.self_describing_json.SelfDescribingJson object at 0x1134d6610>]}
16:48:33.985124 [debug] [MainThread]: Executing "git --help"
16:48:34.005651 [debug] [MainThread]: STDOUT: "b"usage: git [--version] [--help] [-C <path>] [-c <name>=<value>]\n           [--exec-path[=<path>]] [--html-path] [--man-path] [--info-path]\n           [-p | --paginate | -P | --no-pager] [--no-replace-objects] [--bare]\n           [--git-dir=<path>] [--work-tree=<path>] [--namespace=<name>]\n           [--super-prefix=<path>] [--config-env=<name>=<envvar>]\n           <command> [<args>]\n\nThese are common Git commands used in various situations:\n\nstart a working area (see also: git help tutorial)\n   clone             Clone a repository into a new directory\n   init              Create an empty Git repository or reinitialize an existing one\n\nwork on the current change (see also: git help everyday)\n   add               Add file contents to the index\n   mv                Move or rename a file, a directory, or a symlink\n   restore           Restore working tree files\n   rm                Remove files from the working tree and from the index\n   sparse-checkout   Initialize and modify the sparse-checkout\n\nexamine the history and state (see also: git help revisions)\n   bisect            Use binary search to find the commit that introduced a bug\n   diff              Show changes between commits, commit and working tree, etc\n   grep              Print lines matching a pattern\n   log               Show commit logs\n   show              Show various types of objects\n   status            Show the working tree status\n\ngrow, mark and tweak your common history\n   branch            List, create, or delete branches\n   commit            Record changes to the repository\n   merge             Join two or more development histories together\n   rebase            Reapply commits on top of another base tip\n   reset             Reset current HEAD to the specified state\n   switch            Switch branches\n   tag               Create, list, delete or verify a tag object signed with GPG\n\ncollaborate (see also: git help workflows)\n   fetch             Download objects and refs from another repository\n   pull              Fetch from and integrate with another repository or a local branch\n   push              Update remote refs along with associated objects\n\n'git help -a' and 'git help -g' list available subcommands and some\nconcept guides. See 'git help <command>' or 'git help <concept>'\nto read about a specific subcommand or concept.\nSee 'git help git' for an overview of the system.\n""
16:48:34.007022 [debug] [MainThread]: STDERR: "b''"
16:48:34.014999 [debug] [MainThread]: Acquiring new bigquery connection "debug"
16:48:34.016598 [debug] [MainThread]: Opening a new connection, currently in state init
16:48:34.777540 [debug] [MainThread]: On debug: select 1 as id
16:48:36.150938 [debug] [MainThread]: Sending event: {'category': 'dbt', 'action': 'invocation', 'label': 'end', 'context': [<snowplow_tracker.self_describing_json.SelfDescribingJson object at 0x1134b9a90>, <snowplow_tracker.self_describing_json.SelfDescribingJson object at 0x11123c940>, <snowplow_tracker.self_describing_json.SelfDescribingJson object at 0x114836d00>]}
16:48:36.639893 [debug] [MainThread]: Connection 'debug' was properly closed.
